<?xml version="1.0" encoding="UTF-8"?>
<testng-results ignored="0" total="2" passed="2" failed="0" skipped="0">
  <reporter-output>
  </reporter-output>
  <suite started-at="2024-08-16T21:32:46 IST" name="Default suite" finished-at="2024-08-16T21:33:10 IST" duration-ms="24264">
    <groups>
    </groups>
    <test started-at="2024-08-16T21:32:46 IST" name="Default test" finished-at="2024-08-16T21:33:10 IST" duration-ms="24264">
      <class name="pacakge.Main_Class">
        <test-method is-config="true" signature="setup()[pri:0, instance:pacakge.Main_Class@4be29ed9]" started-at="2024-08-16T21:32:46 IST" name="setup" finished-at="2024-08-16T21:32:48 IST" duration-ms="2140" status="PASS">
          <reporter-output>
          </reporter-output>
        </test-method> <!-- setup -->
        <test-method signature="launchsite()[pri:1, instance:pacakge.Main_Class@4be29ed9]" started-at="2024-08-16T21:32:48 IST" name="launchsite" finished-at="2024-08-16T21:32:53 IST" duration-ms="4568" status="PASS">
          <reporter-output>
          </reporter-output>
        </test-method> <!-- launchsite -->
        <test-method signature="amazon()[pri:2, instance:pacakge.Main_Class@4be29ed9]" started-at="2024-08-16T21:32:53 IST" name="amazon" finished-at="2024-08-16T21:33:10 IST" duration-ms="17518" status="PASS">
          <reporter-output>
          </reporter-output>
        </test-method> <!-- amazon -->
      </class> <!-- pacakge.Main_Class -->
    </test> <!-- Default test -->
  </suite> <!-- Default suite -->
</testng-results>
